<?xml version="1.0" encoding="UTF-8"?>
<!-- Generated by org.testng.reporters.JUnitReportReporter -->
<testsuite skipped="0" hostname="Imtiaz" name="com.qa.crm.testcases.HomePageTest" tests="1" failures="0" timestamp="10 Mar 2019 07:20:54 GMT" time="35.291" errors="0">
  <testcase name="verifyHomePageTitleTest" time="35.291" classname="com.qa.crm.testcases.HomePageTest"/>
</testsuite> <!-- com.qa.crm.testcases.HomePageTest -->
