<?xml version="1.0" encoding="UTF-8"?>
<!-- Generated by org.testng.reporters.JUnitReportReporter -->
<testsuite skipped="0" hostname="Imtiaz" name="com.qa.crm.testcases.HomePageTest" tests="3" failures="0" timestamp="11 Mar 2019 05:25:53 GMT" time="111.320" errors="0">
  <testcase name="verifyHomePageTitleTest" time="32.565" classname="com.qa.crm.testcases.HomePageTest"/>
  <testcase name="verifyUserNameTest" time="36.426" classname="com.qa.crm.testcases.HomePageTest"/>
  <testcase name="verifyContactsLinkTest" time="42.329" classname="com.qa.crm.testcases.HomePageTest"/>
</testsuite> <!-- com.qa.crm.testcases.HomePageTest -->
