<?xml version="1.0" encoding="UTF-8"?>
<!-- Generated by org.testng.reporters.JUnitReportReporter -->
<testsuite skipped="0" hostname="Imtiaz" name="com.qa.crm.testcases.HomePageTest" tests="3" failures="0" timestamp="13 Mar 2019 08:26:42 GMT" time="106.567" errors="0">
  <testcase name="verifyHomePageTitleTest" time="34.729" classname="com.qa.crm.testcases.HomePageTest"/>
  <testcase name="verifyUserNameTest" time="35.711" classname="com.qa.crm.testcases.HomePageTest"/>
  <testcase name="verifyContactsLinkTest" time="36.127" classname="com.qa.crm.testcases.HomePageTest"/>
</testsuite> <!-- com.qa.crm.testcases.HomePageTest -->
