<?xml version="1.0" encoding="UTF-8"?>
<!-- Generated by org.testng.reporters.JUnitReportReporter -->
<testsuite skipped="0" hostname="Imtiaz" name="com.qa.crm.testcases.LoginPageTest" tests="3" failures="0" timestamp="10 Mar 2019 06:38:55 GMT" time="94.145" errors="0">
  <testcase name="loginPageTitleTest" time="28.647" classname="com.qa.crm.testcases.LoginPageTest"/>
  <testcase name="crmLogoImgTest" time="29.116" classname="com.qa.crm.testcases.LoginPageTest"/>
  <testcase name="loginTest" time="36.382" classname="com.qa.crm.testcases.LoginPageTest"/>
</testsuite> <!-- com.qa.crm.testcases.LoginPageTest -->
