<?xml version="1.0" encoding="UTF-8"?>
<!-- Generated by org.testng.reporters.JUnitReportReporter -->
<testsuite skipped="0" hostname="Imtiaz" name="com.qa.crm.testcases.ContactsPageTest" tests="6" failures="0" timestamp="13 Mar 2019 08:26:41 GMT" time="235.818" errors="0">
  <testcase name="verifyContactsPageLabel" time="37.176" classname="com.qa.crm.testcases.ContactsPageTest"/>
  <testcase name="selectSingleContactsTest" time="38.181" classname="com.qa.crm.testcases.ContactsPageTest"/>
  <testcase name="selectMultipleContactsTest" time="34.889" classname="com.qa.crm.testcases.ContactsPageTest"/>
  <testcase name="validateCreateNewContact" time="42.058" classname="com.qa.crm.testcases.ContactsPageTest"/>
  <testcase name="validateCreateNewContact" time="41.305" classname="com.qa.crm.testcases.ContactsPageTest"/>
  <testcase name="validateCreateNewContact" time="42.209" classname="com.qa.crm.testcases.ContactsPageTest"/>
</testsuite> <!-- com.qa.crm.testcases.ContactsPageTest -->
