<?xml version="1.0" encoding="UTF-8"?>
<!-- Generated by org.testng.reporters.JUnitReportReporter -->
<testsuite skipped="0" hostname="Imtiaz" name="com.qa.crm.testcases.LoginPageTest" tests="3" failures="0" timestamp="13 Mar 2019 08:26:41 GMT" time="86.552" errors="0">
  <testcase name="loginPageTitleTest" time="24.135" classname="com.qa.crm.testcases.LoginPageTest"/>
  <testcase name="crmLogoImgTest" time="27.341" classname="com.qa.crm.testcases.LoginPageTest"/>
  <testcase name="loginTest" time="35.076" classname="com.qa.crm.testcases.LoginPageTest"/>
</testsuite> <!-- com.qa.crm.testcases.LoginPageTest -->
